<?xml version="1.0" encoding="UTF-8"?>
<!-- Generated by org.testng.reporters.JUnitXMLReporter -->
<testsuite hostname="LWANG1-6300" ignored="0" name="SuiteOneCaseTwo" tests="1" failures="1" timestamp="21 Jul 2017 17:40:15 GMT" time="12.766" errors="0">
  <testcase name="f" time="5.253" classname="testCases.Framework_002">
    <failure type="org.openqa.selenium.UnsupportedCommandException" message="POST /session/a16932ab-4e7a-4db3-b72a-e99dbbcb767e/moveto did not match a known command
Build info: version: &amp;apos;unknown&amp;apos;, revision: &amp;apos;1969d75&amp;apos;, time: &amp;apos;2016-10-18 09:43:45 -0700&amp;apos;
System info: host: &amp;apos;LWANG1-6300&amp;apos;, ip: &amp;apos;10.103.4.169&amp;apos;, os.name: &amp;apos;Windows 7&amp;apos;, os.arch: &amp;apos;x86&amp;apos;, os.version: &amp;apos;6.1&amp;apos;, java.version: &amp;apos;1.8.0_112&amp;apos;
Driver info: org.openqa.selenium.firefox.FirefoxDriver
Capabilities [{moz:profile=C:\Users\lwang\AppData\Local\Temp\rust_mozprofile.nNyhc3cUdARL, rotatable=false, timeouts={implicit=0, page load=300000, script=30000}, pageLoadStrategy=normal, platform=ANY, specificationLevel=0, moz:accessibilityChecks=false, acceptInsecureCerts=false, browserVersion=52.0, platformVersion=6.1, moz:processID=12784, browserName=firefox, platformName=windows_nt}]
Session ID: a16932ab-4e7a-4db3-b72a-e99dbbcb767e">
      <![CDATA[org.openqa.selenium.UnsupportedCommandException: POST /session/a16932ab-4e7a-4db3-b72a-e99dbbcb767e/moveto did not match a known command
Build info: version: 'unknown', revision: '1969d75', time: '2016-10-18 09:43:45 -0700'
System info: host: 'LWANG1-6300', ip: '10.103.4.169', os.name: 'Windows 7', os.arch: 'x86', os.version: '6.1', java.version: '1.8.0_112'
Driver info: org.openqa.selenium.firefox.FirefoxDriver
Capabilities [{moz:profile=C:\Users\lwang\AppData\Local\Temp\rust_mozprofile.nNyhc3cUdARL, rotatable=false, timeouts={implicit=0, page load=300000, script=30000}, pageLoadStrategy=normal, platform=ANY, specificationLevel=0, moz:accessibilityChecks=false, acceptInsecureCerts=false, browserVersion=52.0, platformVersion=6.1, moz:processID=12784, browserName=firefox, platformName=windows_nt}]
Session ID: a16932ab-4e7a-4db3-b72a-e99dbbcb767e
	at org.openqa.selenium.remote.http.W3CHttpResponseCodec.createException(W3CHttpResponseCodec.java:127)
	at org.openqa.selenium.remote.http.W3CHttpResponseCodec.decode(W3CHttpResponseCodec.java:93)
	at org.openqa.selenium.remote.http.W3CHttpResponseCodec.decode(W3CHttpResponseCodec.java:42)
	at org.openqa.selenium.remote.HttpCommandExecutor.execute(HttpCommandExecutor.java:163)
	at org.openqa.selenium.remote.service.DriverCommandExecutor.execute(DriverCommandExecutor.java:82)
	at org.openqa.selenium.remote.RemoteWebDriver.execute(RemoteWebDriver.java:601)
	at org.openqa.selenium.remote.RemoteExecuteMethod.execute(RemoteExecuteMethod.java:35)
	at org.openqa.selenium.remote.RemoteMouse.mouseMove(RemoteMouse.java:89)
	at org.openqa.selenium.interactions.MoveMouseAction.perform(MoveMouseAction.java:39)
	at org.openqa.selenium.interactions.CompositeAction.perform(CompositeAction.java:50)
	at org.openqa.selenium.interactions.Actions.perform(Actions.java:373)
	at utility.Utils.mouseHoverAction(Utils.java:59)
	at pageObjects.Home_Page$TopNavigation$Product_Type.iMacs(Home_Page.java:71)
	at appModule.ProductSelect_Action.productType(ProductSelect_Action.java:34)
	at testCases.Framework_002.f(Framework_002.java:43)
... Removed 29 stack frames]]>
    </failure>
  </testcase> <!-- f -->
</testsuite> <!-- SuiteOneCaseTwo -->
