<?xml version="1.0" encoding="UTF-8"?>
<!-- Generated by org.testng.reporters.JUnitXMLReporter -->
<testsuite hostname="LWANG1-6300" ignored="0" name="SuiteOneCaseOne" tests="1" failures="1" timestamp="21 Jul 2017 17:40:02 GMT" time="17.225" errors="0">
  <testcase name="main" time="4.589" classname="testCases.Framework_001">
    <failure type="org.openqa.selenium.remote.UnreachableBrowserException" message="Error communicating with the remote browser. It may have died.
Build info: version: &amp;apos;unknown&amp;apos;, revision: &amp;apos;1969d75&amp;apos;, time: &amp;apos;2016-10-18 09:43:45 -0700&amp;apos;
System info: host: &amp;apos;LWANG1-6300&amp;apos;, ip: &amp;apos;10.103.4.169&amp;apos;, os.name: &amp;apos;Windows 7&amp;apos;, os.arch: &amp;apos;x86&amp;apos;, os.version: &amp;apos;6.1&amp;apos;, java.version: &amp;apos;1.8.0_112&amp;apos;
Driver info: driver.version: RemoteWebDriver
Capabilities [{moz:profile=C:\Users\lwang\AppData\Local\Temp\rust_mozprofile.OJV819WfL44v, rotatable=false, timeouts={implicit=0, page load=300000, script=30000}, pageLoadStrategy=normal, platform=ANY, specificationLevel=0, moz:accessibilityChecks=false, acceptInsecureCerts=false, browserVersion=52.0, platformVersion=6.1, moz:processID=12480, browserName=firefox, platformName=windows_nt}]
Session ID: 0e367850-3c5b-4095-a389-adeaf7cb4735">
      <![CDATA[org.openqa.selenium.remote.UnreachableBrowserException: Error communicating with the remote browser. It may have died.
Build info: version: 'unknown', revision: '1969d75', time: '2016-10-18 09:43:45 -0700'
System info: host: 'LWANG1-6300', ip: '10.103.4.169', os.name: 'Windows 7', os.arch: 'x86', os.version: '6.1', java.version: '1.8.0_112'
Driver info: driver.version: RemoteWebDriver
Capabilities [{moz:profile=C:\Users\lwang\AppData\Local\Temp\rust_mozprofile.OJV819WfL44v, rotatable=false, timeouts={implicit=0, page load=300000, script=30000}, pageLoadStrategy=normal, platform=ANY, specificationLevel=0, moz:accessibilityChecks=false, acceptInsecureCerts=false, browserVersion=52.0, platformVersion=6.1, moz:processID=12480, browserName=firefox, platformName=windows_nt}]
Session ID: 0e367850-3c5b-4095-a389-adeaf7cb4735
	at org.openqa.selenium.remote.RemoteWebDriver.execute(RemoteWebDriver.java:622)
	at org.openqa.selenium.remote.RemoteWebDriver.findElement(RemoteWebDriver.java:368)
	at org.openqa.selenium.remote.RemoteWebDriver.findElementByCssSelector(RemoteWebDriver.java:465)
	at org.openqa.selenium.By$ByCssSelector.findElement(By.java:430)
	at org.openqa.selenium.remote.RemoteWebDriver.findElement(RemoteWebDriver.java:360)
	at pageObjects.Home_Page$TopNavigation$Product_Type.Accessories(Home_Page.java:47)
	at appModule.ProductSelect_Action.productType(ProductSelect_Action.java:28)
	at testCases.Framework_001.main(Framework_001.java:79)
Caused by: java.lang.IllegalArgumentException: expected one element but was: <org.openqa.selenium.remote.ErrorCodes$KnownError@1dc5318, org.openqa.selenium.remote.ErrorCodes$KnownError@f0a9da>
	at com.google.common.collect.Iterators.getOnlyElement(Iterators.java:322)
	at com.google.common.collect.Iterables.getOnlyElement(Iterables.java:284)
	at org.openqa.selenium.remote.ErrorCodes.toStatus(ErrorCodes.java:138)
	at org.openqa.selenium.remote.http.W3CHttpResponseCodec.decode(W3CHttpResponseCodec.java:92)
	at org.openqa.selenium.remote.http.W3CHttpResponseCodec.decode(W3CHttpResponseCodec.java:42)
	at org.openqa.selenium.remote.HttpCommandExecutor.execute(HttpCommandExecutor.java:163)
	at org.openqa.selenium.remote.service.DriverCommandExecutor.execute(DriverCommandExecutor.java:82)
	at org.openqa.selenium.remote.RemoteWebDriver.execute(RemoteWebDriver.java:601)
	... 32 more
... Removed 25 stack frames]]>
    </failure>
  </testcase> <!-- main -->
</testsuite> <!-- SuiteOneCaseOne -->
